<?xml version="1.0" encoding="UTF-8"?>
<!-- Generated by org.testng.reporters.JUnitReportReporter -->
<testsuite hostname="LAPTOP-DGIF1VTS" failures="0" tests="6" name="demoTestNg.testngdemo.multipletestcase" time="0.020" errors="0" timestamp="2022-03-24T23:46:14 IST" skipped="0">
  <testcase classname="demoTestNg.testngdemo.multipletestcase" name="aplhaone" time="0.012"/>
  <system-out/>
  <testcase classname="demoTestNg.testngdemo.multipletestcase" name="gamaone" time="0.002"/>
  <system-out/>
  <testcase classname="demoTestNg.testngdemo.multipletestcase" name="betaaone" time="0.001"/>
  <system-out/>
  <testcase classname="demoTestNg.testngdemo.multipletestcase" name="alpha" time="0.002"/>
  <system-out/>
  <testcase classname="demoTestNg.testngdemo.multipletestcase" name="beta" time="0.002"/>
  <system-out/>
  <testcase classname="demoTestNg.testngdemo.multipletestcase" name="gama" time="0.001"/>
  <system-out/>
</testsuite> <!-- demoTestNg.testngdemo.multipletestcase -->
