<?xml version="1.0" encoding="UTF-8"?>
<!-- Generated by org.testng.reporters.JUnitReportReporter -->
<testsuite hostname="LAPTOP-DGIF1VTS" failures="0" tests="1" name="demoTestNg.testngdemo.App2" time="0.001" errors="0" timestamp="2022-03-25T00:52:30 IST" skipped="0">
  <testcase classname="demoTestNg.testngdemo.App2" name="method" time="0.001"/>
  <system-out/>
</testsuite> <!-- demoTestNg.testngdemo.App2 -->
