<?xml version="1.0" encoding="UTF-8"?>
<!-- Generated by org.testng.reporters.JUnitReportReporter -->
<testsuite skipped="0" hostname="LAPTOP-DGIF1VTS" name="demoTestNg.testngdemo.App2Test" tests="1" failures="0" timestamp="2022-03-25T01:04:06 IST" time="0.000" errors="0">
  <testcase name="method" time="0.000" classname="demoTestNg.testngdemo.App2Test"/>
  <system-out/>
</testsuite> <!-- demoTestNg.testngdemo.App2Test -->
